[00:01:28] [Server thread/INFO]: [Shtraiy: Teleported Shtraiy to Jimmy0w0]
[00:01:28] [Server thread/WARN]: Shtraiy moved too quickly! -6.4519489556534495,-88.0,-2.111166911647615
[00:01:48] [Server thread/INFO]: <Shtraiy> 咋传送啊
[00:01:53] [Server thread/INFO]: <Jimmy0w0> ?
[00:01:58] [Server thread/INFO]: <Shtraiy> 坐标
[00:02:07] [Server thread/INFO]: <Jimmy0w0> ./tp xyz坐标
[00:02:21] [Server thread/INFO]: [Shtraiy: Teleported Shtraiy to -403.25, 3.0, -3048.69]
[00:03:08] [Server thread/INFO]: Shtraiy fell out of the world
[00:03:08] [Server thread/INFO]: [Shtraiy: Killed Shtraiy]
[00:05:45] [Server thread/INFO]: [Shtraiy: Teleported Shtraiy to 400.5, 90.0, 3047.5]
[00:05:45] [Server thread/WARN]: Shtraiy moved too quickly! 799.8006443698108,0.0,6094.573162667427
[00:05:46] [Server thread/INFO]: Shtraiy fell from a high place
[00:05:59] [Server thread/INFO]: <Jimmy0w0> what the...fuck
[00:06:10] [Server thread/INFO]: [Shtraiy: Teleported Shtraiy to -399.5, 90.0, -3046.5]
[00:06:27] [Server thread/INFO]: [Shtraiy: Set the world spawn point to -397, 91, -3045]
[00:06:43] [Server thread/INFO]: <Jimmy0w0> 大佬你别死。。
[00:06:48] [Server thread/INFO]: <Jimmy0w0> 死了就很难会地面了
[00:06:53] [Server thread/INFO]: <Jimmy0w0> 哦我的还没有调整出生点
[00:06:53] [Server thread/INFO]: <Shtraiy> 没。。
[00:07:11] [Server thread/INFO]: <Shtraiy> 只要死了都会回到家
[00:10:06] [Server thread/INFO]: [Jimmy0w0: Teleported Jimmy0w0 to Shtraiy]
[00:11:27] [Server thread/INFO]: Villager axw['Weaponsmith'/142353, l='world', x=-411.87, y=91.00, z=-3050.30] died, message: 'Weaponsmith was slain by Zombie'
[00:11:56] [Server thread/INFO]: <Jimmy0w0> 大佬太会造了
[00:12:03] [Server thread/INFO]: <Jimmy0w0> 我弄了五颗回来
[00:12:07] [Server thread/INFO]: <Shtraiy> 会个jb
[00:12:09] [Server thread/INFO]: <Shtraiy> dlnb
[00:12:22] [Server thread/INFO]: <Jimmy0w0> bnb
[00:12:26] [Server thread/INFO]: <Jimmy0w0> 不会找钻石
[00:12:30] [Server thread/INFO]: <Jimmy0w0> 五颗产量太少
[00:14:54] [Server thread/INFO]: Jimmy0w0 fell from a high place
[00:14:57] [Server thread/INFO]: <Shtraiy> ??
[00:15:00] [Server thread/INFO]: <Jimmy0w0> z自杀一下
[00:15:34] [Server thread/INFO]: <Jimmy0w0> 我去薅羊毛
[00:15:38] [Server thread/INFO]: <Shtraiy> nb
[00:16:41] [Server thread/INFO]: <Jimmy0w0> bnb
[00:21:57] [Server thread/WARN]: Mismatch in destroy block pos: fk{x=82, y=61, z=-3294} fk{x=82, y=60, z=-3294}
[00:24:51] [Server thread/INFO]: <Jimmy0w0> 藏宝图+1
[00:24:54] [Server thread/INFO]: <Shtraiy> nb
[00:24:58] [Server thread/INFO]: <Jimmy0w0> bnb
[00:25:26] [Server thread/INFO]: [Jimmy0w0: Teleported Jimmy0w0 to Shtraiy]
[00:25:26] [Server thread/WARN]: Jimmy0w0 moved too quickly! -659.870583025699,16.024424088213692,611.1215505847858
[00:26:23] [Server thread/INFO]: [Jimmy0w0: Gave 5 [Sheep Spawn Egg] to Jimmy0w0]
[00:26:34] [Server thread/INFO]: <Jimmy0w0> nmgb
[00:26:41] [Server thread/INFO]: [Jimmy0w0: Teleported Jimmy0w0 to Shtraiy]
[00:26:43] [Server thread/INFO]: <Shtraiy> ??
[00:26:47] [Server thread/INFO]: [Jimmy0w0: Teleported Jimmy0w0 to Shtraiy]
[00:30:08] [Server thread/INFO]: <Jimmy0w0> 滥权一时爽，一直滥权一直双
[00:30:12] [Server thread/INFO]: <Shtraiy> nb
[00:32:47] [Server thread/INFO]: <Jimmy0w0> 啊西巴...没有羽毛
[00:32:53] [Server thread/INFO]: <Shtraiy> 啊
[00:33:00] [Server thread/INFO]: <Shtraiy> 要羽毛干啥
[00:33:03] [Server thread/INFO]: <Jimmy0w0> 我要去杀小鸡鸡
[00:33:11] [Server thread/INFO]: <Jimmy0w0> 弄一个书与笔
[00:33:16] [Server thread/INFO]: <Shtraiy> nb
[00:39:19] [Server thread/INFO]: <Shtraiy> 大佬有仙人掌吗
[00:39:25] [Server thread/INFO]: <Jimmy0w0> 啊我去弄一点
[00:39:33] [Server thread/INFO]: <Shtraiy> ok
[00:43:47] [Server thread/INFO]: <Jimmy0w0> 我操要晚上了
[00:43:50] [Server thread/INFO]: [Jimmy0w0: Set the time to 1000]
[00:43:53] [Server thread/INFO]: <Shtraiy> 操
[00:45:32] [Server thread/INFO]: <Jimmy0w0> 三个沙漠都没有，人这点呢吗？
[00:45:35] [Server thread/INFO]: <Jimmy0w0> 认真的吗？
[00:45:45] [Server thread/INFO]: [Jimmy0w0: Gave 5 [Cactus] to Shtraiy]
[00:45:46] [Server thread/INFO]: <Shtraiy> 草
[00:45:53] [Server thread/INFO]: <Shtraiy> nb
[00:46:06] [Server thread/INFO]: [Jimmy0w0: Teleported Jimmy0w0 to Shtraiy]
[00:46:06] [Server thread/WARN]: Jimmy0w0 moved too quickly! 162.91086339928734,26.0,657.7927127390258
[00:46:15] [Server thread/INFO]: <Jimmy0w0> 我要变成滥权打视了
[00:46:18] [Server thread/INFO]: <Jimmy0w0> 大师
[00:47:04] [Server thread/INFO]: [Shtraiy: Gave 4 [Sand] to Shtraiy]
[00:48:01] [Server thread/INFO]: <Jimmy0w0> shalewo!
[00:48:04] [Server thread/INFO]: Jimmy0w0 went up in flames
[00:48:10] [Server thread/INFO]: <Shtraiy> nooooo
[00:48:46] [Server thread/INFO]: <Jimmy0w0> 我要做个铁砧
[00:48:53] [Server thread/INFO]: <Shtraiy> nb!
[00:49:05] [Server thread/INFO]: <Jimmy0w0> 咋个做来着
[00:49:13] [Server thread/INFO]: <Shtraiy> 铁块
[00:51:42] [Server thread/INFO]: <Shtraiy> mlgb
[00:51:47] [Server thread/INFO]: <Jimmy0w0> ?
[00:52:04] [Server thread/INFO]: <Shtraiy> 比屎都黑
[00:53:16] [Server thread/INFO]: [Jimmy0w0: Gave 1 [Shulker Box] to Jimmy0w0]
[00:53:32] [Server thread/INFO]: Shtraiy has made the advancement [The Parrots and the Bats]
[00:53:36] [Server thread/INFO]: <Shtraiy> ??
[00:53:41] [Server thread/INFO]: <Shtraiy> 草
[00:53:43] [Server thread/INFO]: [Jimmy0w0: Gave 3 [Blue Shulker Box] to Jimmy0w0]
[00:53:45] [Server thread/INFO]: <Shtraiy> 乱伦？
[00:53:56] [Server thread/INFO]: <Jimmy0w0> ???????????
[00:54:00] [Server thread/INFO]: <Jimmy0w0> sao
[00:54:14] [Server thread/INFO]: <Shtraiy> 这都能生
[00:54:56] [Server thread/INFO]: Shtraiy has made the advancement [A Seedy Place]
[00:56:01] [Server thread/INFO]: <Shtraiy> 大佬我要下了
[00:56:20] [Server thread/INFO]: <Jimmy0w0> 我需要backup一下存档
[00:56:24] [Server thread/INFO]: <Shtraiy> ok
[00:56:27] [Server thread/INFO]: <Jimmy0w0> 上传之后还需要测试吗
[00:56:33] [Server thread/INFO]: <Shtraiy> 不用了吧
[00:56:43] [Server thread/INFO]: <Jimmy0w0> 也行
[00:56:58] [Server thread/INFO]: <Jimmy0w0> 就是Git可能会自动略过空文件夹
[00:57:02] [Server thread/INFO]: <Jimmy0w0> 不确定存档有没有
[00:57:07] [Server thread/INFO]: <Jimmy0w0> 如果有不知道会不会错。。
[00:57:15] [Server thread/INFO]: <Shtraiy> 那就test一下。。
[00:57:38] [Server thread/INFO]: <Jimmy0w0> k
[00:57:55] [Server thread/INFO]: Jimmy0w0 lost connection: Disconnected
[00:57:55] [Server thread/INFO]: Jimmy0w0 left the game
[00:58:06] [Server thread/INFO]: Shtraiy lost connection: Disconnected
[00:58:06] [Server thread/INFO]: Shtraiy left the game
